<!DOCTYPE html>
<!-- saved from url=(0138)file:///C:/git/KT-38253/build/reports/tests/test/classes/com.github.imanushin.test.PluginEvaluationTest.html#run%20project%20with%20plugin -->
<html><head><meta http-equiv="Content-Type" content="text/html; charset=UTF-8">

<meta http-equiv="x-ua-compatible" content="IE=edge">
<title>Test results - Class com.github.imanushin.test.PluginEvaluationTest</title>
<link href="./test-results_files/base-style.css" rel="stylesheet" type="text/css">
<link href="./test-results_files/style.css" rel="stylesheet" type="text/css">
<script src="./test-results_files/report.js" type="text/javascript"></script>
</head>
<body>
<div id="content">
<h1>Class com.github.imanushin.test.PluginEvaluationTest</h1>
<div class="breadcrumbs">
<a href="file:///C:/git/KT-38253/build/reports/tests/test/index.html">all</a> &gt; 
<a href="file:///C:/git/KT-38253/build/reports/tests/test/packages/com.github.imanushin.test.html">com.github.imanushin.test</a> &gt; PluginEvaluationTest</div>
<div id="summary">
<table>
<tbody><tr>
<td>
<div class="summaryGroup">
<table>
<tbody><tr>
<td>
<div class="infoBox" id="tests">
<div class="counter">2</div>
<p>tests</p>
</div>
</td>
<td>
<div class="infoBox" id="failures">
<div class="counter">2</div>
<p>failures</p>
</div>
</td>
<td>
<div class="infoBox" id="ignored">
<div class="counter">0</div>
<p>ignored</p>
</div>
</td>
<td>
<div class="infoBox" id="duration">
<div class="counter">4.043s</div>
<p>duration</p>
</div>
</td>
</tr>
</tbody></table>
</div>
</td>
<td>
<div class="infoBox failures" id="successRate">
<div class="percent">0%</div>
<p>successful</p>
</div>
</td>
</tr>
</tbody></table>
</div>
<div id="tabs">
<ul class="tabLinks">
<li class="selected"><h2>Failed tests</h2></li>
<li class="deselected"><a id="ltab1" href="file:///C:/git/KT-38253/build/reports/tests/test/classes/com.github.imanushin.test.PluginEvaluationTest.html#tab1">Tests</a></li>
</ul>
<div id="tab0" class="tab selected">

<div class="test">
<a name="executionError"></a>
<h3 class="failures">executionError</h3>
<span class="code">
<pre>org.gradle.testkit.runner.UnexpectedBuildFailure: Unexpected build execution failure in C:\Users\igorm\AppData\Local\Temp\junit1619034683227280668 with arguments [compileCustomScript]

Output:
&gt; Task :compileCustomScript FAILED

FAILURE: Build failed with an exception.

* What went wrong:
Execution failed for task ':compileCustomScript'.
&gt; kotlinx/coroutines/BuildersKt

* Try:
Run with --stacktrace option to get the stack trace. Run with --info or --debug option to get more log output. Run with --scan to get full insights.

* Get more help at https://help.gradle.org

BUILD FAILED in 2s
1 actionable task: 1 executed

	at org.gradle.testkit.runner.internal.DefaultGradleRunner$2.execute(DefaultGradleRunner.java:255)
	at org.gradle.testkit.runner.internal.DefaultGradleRunner$2.execute(DefaultGradleRunner.java:251)
	at org.gradle.testkit.runner.internal.DefaultGradleRunner.run(DefaultGradleRunner.java:324)
	at org.gradle.testkit.runner.internal.DefaultGradleRunner.build(DefaultGradleRunner.java:251)
	at com.github.imanushin.test.PluginEvaluationTest$1.invokeSuspend(PluginEvaluationTest.kt:28)
	at com.github.imanushin.test.PluginEvaluationTest$1.invoke(PluginEvaluationTest.kt)
	at io.kotest.core.runtime.ExecutionsKt$executeWithBehaviours$2$1.invokeSuspend(executions.kt:16)
	at io.kotest.core.runtime.ExecutionsKt$executeWithBehaviours$2$1.invoke(executions.kt)
	at io.kotest.core.runtime.ExecutionsKt.wrapTestWithGlobalAssert(executions.kt:43)
	at io.kotest.core.runtime.ExecutionsKt$executeWithBehaviours$2.invokeSuspend(executions.kt:15)
	at io.kotest.core.runtime.ExecutionsKt$executeWithBehaviours$2.invoke(executions.kt)
	at io.kotest.core.runtime.ExecutionsKt$wrapTestWithAssertionModeCheck$2.invokeSuspend(executions.kt:29)
	at io.kotest.core.runtime.ExecutionsKt$wrapTestWithAssertionModeCheck$2.invoke(executions.kt)
	at io.kotest.core.test.AssertionModeKt.executeWithAssertionsCheck(AssertionMode.kt:39)
	at io.kotest.core.runtime.ExecutionsKt.wrapTestWithAssertionModeCheck(executions.kt:28)
	at io.kotest.core.runtime.ExecutionsKt.executeWithBehaviours(executions.kt:14)
	at io.kotest.core.runtime.TestExecutor$executeAndWait$2$1$3$1.invokeSuspend(TestExecutor.kt:182)
	at io.kotest.core.runtime.TestExecutor$executeAndWait$2$1$3$1.invoke(TestExecutor.kt)
	at kotlinx.coroutines.intrinsics.UndispatchedKt.startUndispatchedOrReturn(Undispatched.kt:91)
	at kotlinx.coroutines.CoroutineScopeKt.coroutineScope(CoroutineScope.kt:177)
	at io.kotest.core.runtime.TestExecutor$executeAndWait$2$1$3.invokeSuspend(TestExecutor.kt:176)
	at io.kotest.core.runtime.TestExecutor$executeAndWait$2$1$3.invoke(TestExecutor.kt)
	at io.kotest.core.runtime.ReplayKt.replay(replay.kt:19)
	at io.kotest.core.runtime.TestExecutor$executeAndWait$2$1.invokeSuspend(TestExecutor.kt:171)
	at io.kotest.core.runtime.TestExecutor$executeAndWait$2$1.invoke(TestExecutor.kt)
	at io.kotest.core.runtime.ExecutorExecutionContext$executeWithTimeoutInterruption$$inlined$suspendCoroutine$lambda$2.invokeSuspend(ExecutorExecutionContext.kt:47)
	at kotlin.coroutines.jvm.internal.BaseContinuationImpl.resumeWith(ContinuationImpl.kt:33)
	at kotlinx.coroutines.DispatchedTask.run(DispatchedTask.kt:56)
	at kotlinx.coroutines.EventLoopImplBase.processNextEvent(EventLoop.common.kt:272)
	at kotlinx.coroutines.BlockingCoroutine.joinBlocking(Builders.kt:79)
	at kotlinx.coroutines.BuildersKt__BuildersKt.runBlocking(Builders.kt:54)
	at kotlinx.coroutines.BuildersKt.runBlocking(Unknown Source)
	at kotlinx.coroutines.BuildersKt__BuildersKt.runBlocking$default(Builders.kt:36)
	at kotlinx.coroutines.BuildersKt.runBlocking$default(Unknown Source)
	at io.kotest.core.runtime.ExecutorExecutionContext.executeWithTimeoutInterruption-D5N0EJY(ExecutorExecutionContext.kt:46)
	at io.kotest.core.runtime.TestExecutor$executeAndWait$2.invokeSuspend(TestExecutor.kt:170)
	at io.kotest.core.runtime.TestExecutor$executeAndWait$2.invoke(TestExecutor.kt)
	at kotlinx.coroutines.intrinsics.UndispatchedKt.startUndispatchedOrReturnIgnoreTimeout(Undispatched.kt:102)
	at kotlinx.coroutines.TimeoutKt.setupTimeout(Timeout.kt:111)
	at kotlinx.coroutines.TimeoutKt.withTimeout(Timeout.kt:32)
	at io.kotest.core.runtime.TestExecutor.executeAndWait-xkB6VbI(TestExecutor.kt:168)
	at io.kotest.core.runtime.TestExecutor.invokeTestCase(TestExecutor.kt:150)
	at io.kotest.core.runtime.TestExecutor.executeActiveTest(TestExecutor.kt:117)
	at io.kotest.core.runtime.TestExecutor$intercept$2.invokeSuspend(TestExecutor.kt:74)
	at io.kotest.core.runtime.TestExecutor$intercept$2.invoke(TestExecutor.kt)
	at io.kotest.core.runtime.TestExecutor.executeIfActive(TestExecutor.kt:86)
	at io.kotest.core.runtime.TestExecutor.intercept(TestExecutor.kt:74)
	at io.kotest.core.runtime.TestExecutor.execute(TestExecutor.kt:55)
	at io.kotest.core.engine.SingleInstanceSpecRunner.runTest(SingleInstanceSpecRunner.kt:62)
	at io.kotest.core.engine.SingleInstanceSpecRunner$execute$2.invokeSuspend(SingleInstanceSpecRunner.kt:73)
	at io.kotest.core.engine.SingleInstanceSpecRunner$execute$2.invoke(SingleInstanceSpecRunner.kt)
	at io.kotest.core.engine.SingleInstanceSpecRunner$execute$3.invokeSuspend(SingleInstanceSpecRunner.kt:79)
	at io.kotest.core.engine.SingleInstanceSpecRunner$execute$3.invoke(SingleInstanceSpecRunner.kt)
	at kotlinx.coroutines.intrinsics.UndispatchedKt.startUndispatchedOrReturn(Undispatched.kt:91)
	at kotlinx.coroutines.CoroutineScopeKt.coroutineScope(CoroutineScope.kt:177)
	at io.kotest.core.engine.SingleInstanceSpecRunner.execute(SingleInstanceSpecRunner.kt:77)
	at io.kotest.core.engine.SpecExecutor$runTests$run$1.invokeSuspend(SpecExecutor.kt:105)
	at io.kotest.core.engine.SpecExecutor$runTests$run$1.invoke(SpecExecutor.kt)
	at io.kotest.core.engine.SpecExecutor.interceptSpec(SpecExecutor.kt:117)
	at io.kotest.core.engine.SpecExecutor.runTests(SpecExecutor.kt:108)
	at io.kotest.core.engine.SpecExecutor.execute(SpecExecutor.kt:36)
	at io.kotest.core.engine.KotestEngine$submitBatch$$inlined$forEach$lambda$1$1.invokeSuspend(KotestEngine.kt:66)
	at kotlin.coroutines.jvm.internal.BaseContinuationImpl.resumeWith(ContinuationImpl.kt:33)
	at kotlinx.coroutines.DispatchedTask.run(DispatchedTask.kt:56)
	at kotlinx.coroutines.EventLoopImplBase.processNextEvent(EventLoop.common.kt:272)
	at kotlinx.coroutines.BlockingCoroutine.joinBlocking(Builders.kt:79)
	at kotlinx.coroutines.BuildersKt__BuildersKt.runBlocking(Builders.kt:54)
	at kotlinx.coroutines.BuildersKt.runBlocking(Unknown Source)
	at kotlinx.coroutines.BuildersKt__BuildersKt.runBlocking$default(Builders.kt:36)
	at kotlinx.coroutines.BuildersKt.runBlocking$default(Unknown Source)
	at io.kotest.core.engine.KotestEngine$submitBatch$$inlined$forEach$lambda$1.run(KotestEngine.kt:65)
	at java.base/java.util.concurrent.Executors$RunnableAdapter.call(Executors.java:515)
	at java.base/java.util.concurrent.FutureTask.run(FutureTask.java:264)
	at java.base/java.util.concurrent.ThreadPoolExecutor.runWorker(ThreadPoolExecutor.java:1128)
	at java.base/java.util.concurrent.ThreadPoolExecutor$Worker.run(ThreadPoolExecutor.java:628)
	at java.base/java.lang.Thread.run(Thread.java:830)
</pre>
</span>
</div>
<div class="test">
<a name="run project with plugin"></a>
<h3 class="failures">run project with plugin</h3>
<span class="code">
<pre>org.gradle.testkit.runner.UnexpectedBuildFailure: Unexpected build execution failure in C:\Users\igorm\AppData\Local\Temp\junit1619034683227280668 with arguments [compileCustomScript]

Output:
&gt; Task :compileCustomScript FAILED

FAILURE: Build failed with an exception.

* What went wrong:
Execution failed for task ':compileCustomScript'.
&gt; kotlinx/coroutines/BuildersKt

* Try:
Run with --stacktrace option to get the stack trace. Run with --info or --debug option to get more log output. Run with --scan to get full insights.

* Get more help at https://help.gradle.org

BUILD FAILED in 2s
1 actionable task: 1 executed

	at org.gradle.testkit.runner.internal.DefaultGradleRunner$2.execute(DefaultGradleRunner.java:255)
	at org.gradle.testkit.runner.internal.DefaultGradleRunner$2.execute(DefaultGradleRunner.java:251)
	at org.gradle.testkit.runner.internal.DefaultGradleRunner.run(DefaultGradleRunner.java:324)
	at org.gradle.testkit.runner.internal.DefaultGradleRunner.build(DefaultGradleRunner.java:251)
	at com.github.imanushin.test.PluginEvaluationTest$1.invokeSuspend(PluginEvaluationTest.kt:28)
	at com.github.imanushin.test.PluginEvaluationTest$1.invoke(PluginEvaluationTest.kt)
	at io.kotest.core.runtime.ExecutionsKt$executeWithBehaviours$2$1.invokeSuspend(executions.kt:16)
	at io.kotest.core.runtime.ExecutionsKt$executeWithBehaviours$2$1.invoke(executions.kt)
	at io.kotest.core.runtime.ExecutionsKt.wrapTestWithGlobalAssert(executions.kt:43)
	at io.kotest.core.runtime.ExecutionsKt$executeWithBehaviours$2.invokeSuspend(executions.kt:15)
	at io.kotest.core.runtime.ExecutionsKt$executeWithBehaviours$2.invoke(executions.kt)
	at io.kotest.core.runtime.ExecutionsKt$wrapTestWithAssertionModeCheck$2.invokeSuspend(executions.kt:29)
	at io.kotest.core.runtime.ExecutionsKt$wrapTestWithAssertionModeCheck$2.invoke(executions.kt)
	at io.kotest.core.test.AssertionModeKt.executeWithAssertionsCheck(AssertionMode.kt:39)
	at io.kotest.core.runtime.ExecutionsKt.wrapTestWithAssertionModeCheck(executions.kt:28)
	at io.kotest.core.runtime.ExecutionsKt.executeWithBehaviours(executions.kt:14)
	at io.kotest.core.runtime.TestExecutor$executeAndWait$2$1$3$1.invokeSuspend(TestExecutor.kt:182)
	at io.kotest.core.runtime.TestExecutor$executeAndWait$2$1$3$1.invoke(TestExecutor.kt)
	at kotlinx.coroutines.intrinsics.UndispatchedKt.startUndispatchedOrReturn(Undispatched.kt:91)
	at kotlinx.coroutines.CoroutineScopeKt.coroutineScope(CoroutineScope.kt:177)
	at io.kotest.core.runtime.TestExecutor$executeAndWait$2$1$3.invokeSuspend(TestExecutor.kt:176)
	at io.kotest.core.runtime.TestExecutor$executeAndWait$2$1$3.invoke(TestExecutor.kt)
	at io.kotest.core.runtime.ReplayKt.replay(replay.kt:19)
	at io.kotest.core.runtime.TestExecutor$executeAndWait$2$1.invokeSuspend(TestExecutor.kt:171)
	at io.kotest.core.runtime.TestExecutor$executeAndWait$2$1.invoke(TestExecutor.kt)
	at io.kotest.core.runtime.ExecutorExecutionContext$executeWithTimeoutInterruption$$inlined$suspendCoroutine$lambda$2.invokeSuspend(ExecutorExecutionContext.kt:47)
	at kotlin.coroutines.jvm.internal.BaseContinuationImpl.resumeWith(ContinuationImpl.kt:33)
	at kotlinx.coroutines.DispatchedTask.run(DispatchedTask.kt:56)
	at kotlinx.coroutines.EventLoopImplBase.processNextEvent(EventLoop.common.kt:272)
	at kotlinx.coroutines.BlockingCoroutine.joinBlocking(Builders.kt:79)
	at kotlinx.coroutines.BuildersKt__BuildersKt.runBlocking(Builders.kt:54)
	at kotlinx.coroutines.BuildersKt.runBlocking(Unknown Source)
	at kotlinx.coroutines.BuildersKt__BuildersKt.runBlocking$default(Builders.kt:36)
	at kotlinx.coroutines.BuildersKt.runBlocking$default(Unknown Source)
	at io.kotest.core.runtime.ExecutorExecutionContext.executeWithTimeoutInterruption-D5N0EJY(ExecutorExecutionContext.kt:46)
	at io.kotest.core.runtime.TestExecutor$executeAndWait$2.invokeSuspend(TestExecutor.kt:170)
	at io.kotest.core.runtime.TestExecutor$executeAndWait$2.invoke(TestExecutor.kt)
	at kotlinx.coroutines.intrinsics.UndispatchedKt.startUndispatchedOrReturnIgnoreTimeout(Undispatched.kt:102)
	at kotlinx.coroutines.TimeoutKt.setupTimeout(Timeout.kt:111)
	at kotlinx.coroutines.TimeoutKt.withTimeout(Timeout.kt:32)
	at io.kotest.core.runtime.TestExecutor.executeAndWait-xkB6VbI(TestExecutor.kt:168)
	at io.kotest.core.runtime.TestExecutor.invokeTestCase(TestExecutor.kt:150)
	at io.kotest.core.runtime.TestExecutor.executeActiveTest(TestExecutor.kt:117)
	at io.kotest.core.runtime.TestExecutor$intercept$2.invokeSuspend(TestExecutor.kt:74)
	at io.kotest.core.runtime.TestExecutor$intercept$2.invoke(TestExecutor.kt)
	at io.kotest.core.runtime.TestExecutor.executeIfActive(TestExecutor.kt:86)
	at io.kotest.core.runtime.TestExecutor.intercept(TestExecutor.kt:74)
	at io.kotest.core.runtime.TestExecutor.execute(TestExecutor.kt:55)
	at io.kotest.core.engine.SingleInstanceSpecRunner.runTest(SingleInstanceSpecRunner.kt:62)
	at io.kotest.core.engine.SingleInstanceSpecRunner$execute$2.invokeSuspend(SingleInstanceSpecRunner.kt:73)
	at io.kotest.core.engine.SingleInstanceSpecRunner$execute$2.invoke(SingleInstanceSpecRunner.kt)
	at io.kotest.core.engine.SingleInstanceSpecRunner$execute$3.invokeSuspend(SingleInstanceSpecRunner.kt:79)
	at io.kotest.core.engine.SingleInstanceSpecRunner$execute$3.invoke(SingleInstanceSpecRunner.kt)
	at kotlinx.coroutines.intrinsics.UndispatchedKt.startUndispatchedOrReturn(Undispatched.kt:91)
	at kotlinx.coroutines.CoroutineScopeKt.coroutineScope(CoroutineScope.kt:177)
	at io.kotest.core.engine.SingleInstanceSpecRunner.execute(SingleInstanceSpecRunner.kt:77)
	at io.kotest.core.engine.SpecExecutor$runTests$run$1.invokeSuspend(SpecExecutor.kt:105)
	at io.kotest.core.engine.SpecExecutor$runTests$run$1.invoke(SpecExecutor.kt)
	at io.kotest.core.engine.SpecExecutor.interceptSpec(SpecExecutor.kt:117)
	at io.kotest.core.engine.SpecExecutor.runTests(SpecExecutor.kt:108)
	at io.kotest.core.engine.SpecExecutor.execute(SpecExecutor.kt:36)
	at io.kotest.core.engine.KotestEngine$submitBatch$$inlined$forEach$lambda$1$1.invokeSuspend(KotestEngine.kt:66)
	at kotlin.coroutines.jvm.internal.BaseContinuationImpl.resumeWith(ContinuationImpl.kt:33)
	at kotlinx.coroutines.DispatchedTask.run(DispatchedTask.kt:56)
	at kotlinx.coroutines.EventLoopImplBase.processNextEvent(EventLoop.common.kt:272)
	at kotlinx.coroutines.BlockingCoroutine.joinBlocking(Builders.kt:79)
	at kotlinx.coroutines.BuildersKt__BuildersKt.runBlocking(Builders.kt:54)
	at kotlinx.coroutines.BuildersKt.runBlocking(Unknown Source)
	at kotlinx.coroutines.BuildersKt__BuildersKt.runBlocking$default(Builders.kt:36)
	at kotlinx.coroutines.BuildersKt.runBlocking$default(Unknown Source)
	at io.kotest.core.engine.KotestEngine$submitBatch$$inlined$forEach$lambda$1.run(KotestEngine.kt:65)
	at java.base/java.util.concurrent.Executors$RunnableAdapter.call(Executors.java:515)
	at java.base/java.util.concurrent.FutureTask.run(FutureTask.java:264)
	at java.base/java.util.concurrent.ThreadPoolExecutor.runWorker(ThreadPoolExecutor.java:1128)
	at java.base/java.util.concurrent.ThreadPoolExecutor$Worker.run(ThreadPoolExecutor.java:628)
	at java.base/java.lang.Thread.run(Thread.java:830)
</pre>
</span>
</div>
</div>
<div id="tab1" class="tab deselected">

<table>
<thead>
<tr>
<th>Test</th>
<th>Duration</th>
<th>Result</th>
</tr>
</thead>
<tbody><tr>
<td class="failures">executionError</td>
<td class="failures">0.001s</td>
<td class="failures">failed</td>
</tr>
<tr>
<td class="failures">run project with plugin</td>
<td class="failures">4.042s</td>
<td class="failures">failed</td>
</tr>
</tbody></table>
</div>
</div>
<div id="footer">
<p>
</p><div>
<label class="" id="label-for-line-wrapping-toggle" for="line-wrapping-toggle">Wrap lines
<input id="line-wrapping-toggle" type="checkbox" autocomplete="off">
</label>
</div>Generated by 
<a href="http://www.gradle.org/">Gradle 6.3</a> at Apr 25, 2020, 6:12:59 PM<p></p>
</div>
</div>


</body></html>